<?xml version="1.0" encoding="UTF-8"?>
<!-- Generated by org.testng.reporters.JUnitReportReporter -->
<testsuite hostname="INLEN8520057570" failures="0" tests="1" name="cucumber.TestNGTestRunner" time="5.134" errors="0" timestamp="2024-06-05T19:12:52 IST" skipped="0">
  <testcase classname="cucumber.TestNGTestRunner" name="runScenario" time="5.134"/>
</testsuite> <!-- cucumber.TestNGTestRunner -->
