<?xml version="1.0" encoding="UTF-8"?>
<!-- Generated by org.testng.reporters.JUnitReportReporter -->
<testsuite hostname="INLEN8520057570" failures="0" tests="1" name="selenium.pageobjectmodel.TestClasses.ErrorValidation" time="4.416" errors="0" timestamp="2024-05-20T20:45:05 IST" skipped="0">
  <testcase classname="selenium.pageobjectmodel.TestClasses.ErrorValidation" name="Login" time="4.416"/>
</testsuite> <!-- selenium.pageobjectmodel.TestClasses.ErrorValidation -->
