<?xml version="1.0" encoding="UTF-8"?>
<!-- Generated by org.testng.reporters.JUnitReportReporter -->
<testsuite hostname="INLEN8520057570" failures="0" tests="1" name="selenium.pageobjectmodel.StandAlonePOM" time="2.947" errors="0" timestamp="2024-05-19T23:14:08 IST" skipped="0">
  <testcase classname="selenium.pageobjectmodel.StandAlonePOM" name="Login" time="2.947"/>
</testsuite> <!-- selenium.pageobjectmodel.StandAlonePOM -->
